
> admin-dashboard-frontend@0.1.0 start
> react-scripts start

(node:97438) [DEP_WEBPACK_DEV_SERVER_ON_AFTER_SETUP_MIDDLEWARE] DeprecationWarning: 'onAfterSetupMiddleware' option is deprecated. Please use the 'setupMiddlewares' option.
(Use `node --trace-deprecation ...` to show where the warning was created)
(node:97438) [DEP_WEBPACK_DEV_SERVER_ON_BEFORE_SETUP_MIDDLEWARE] DeprecationWarning: 'onBeforeSetupMiddleware' option is deprecated. Please use the 'setupMiddlewares' option.
Starting the development server...

Compiled with warnings.

[eslint] 
src/components/Auth/Login.js
  Line 1:17:  'useState' is defined but never used  no-unused-vars

src/components/Products/ProductForm.js
  Line 22:65:  'setValue' is assigned a value but never used  no-unused-vars

src/components/Products/ProductManagement.js
  Line 32:21:  'loading' is assigned a value but never used  no-unused-vars

src/components/Users/UserManagement.js
  Line 31:18:  'loading' is assigned a value but never used  no-unused-vars

Search for the keywords to learn more about each warning.
To ignore, add // eslint-disable-next-line to the line before.

WARNING in [eslint] 
src/components/Auth/Login.js
  Line 1:17:  'useState' is defined but never used  no-unused-vars

src/components/Products/ProductForm.js
  Line 22:65:  'setValue' is assigned a value but never used  no-unused-vars

src/components/Products/ProductManagement.js
  Line 32:21:  'loading' is assigned a value but never used  no-unused-vars

src/components/Users/UserManagement.js
  Line 31:18:  'loading' is assigned a value but never used  no-unused-vars

webpack compiled with 1 warning
Proxy error: Could not proxy request /favicon.ico from localhost:3000 to http://localhost:8080.
See https://nodejs.org/api/errors.html#errors_common_system_errors for more information (ECONNREFUSED).

Proxy error: Could not proxy request /favicon.ico from localhost:3000 to http://localhost:8080.
See https://nodejs.org/api/errors.html#errors_common_system_errors for more information (ECONNREFUSED).

Proxy error: Could not proxy request /favicon.ico from localhost:3000 to http://localhost:8080.
See https://nodejs.org/api/errors.html#errors_common_system_errors for more information (ECONNREFUSED).

