  .   ____          _            __ _ _
 /\\ / ___'_ __ _ _(_)_ __  __ _ \ \ \ \
( ( )\___ | '_ | '_| | '_ \/ _` | \ \ \ \
 \\/  ___)| |_)| | | | | || (_| |  ) ) ) )
  '  |____| .__|_| |_|_| |_\__, | / / / /
 =========|_|==============|___/=/_/_/_/
 :: Spring Boot ::                (v3.2.0)

2025-10-07T14:39:08.123+05:30  INFO 113554 --- [AdminDashboardApp] [           main] c.a.dashboard.AdminDashboardApplication  : Starting AdminDashboardApplication using Java 17.0.16 with PID 113554 (/mnt/d-drive/Samarth Khade/admin-dashboard-system/backend/target/classes started by voyager-x in /mnt/d-drive/Samarth Khade/admin-dashboard-system/backend)
2025-10-07T14:39:08.127+05:30  INFO 113554 --- [AdminDashboardApp] [           main] c.a.dashboard.AdminDashboardApplication  : No active profile set, falling back to 1 default profile: "default"
2025-10-07T14:39:08.994+05:30  INFO 113554 --- [AdminDashboardApp] [           main] .s.d.r.c.RepositoryConfigurationDelegate : Bootstrapping Spring Data JPA repositories in DEFAULT mode.
2025-10-07T14:39:09.061+05:30  INFO 113554 --- [AdminDashboardApp] [           main] .s.d.r.c.RepositoryConfigurationDelegate : Finished Spring Data repository scanning in 57 ms. Found 3 JPA repository interfaces.
2025-10-07T14:39:09.629+05:30  INFO 113554 --- [AdminDashboardApp] [           main] o.s.b.w.embedded.tomcat.TomcatWebServer  : Tomcat initialized with port 8080 (http)
2025-10-07T14:39:09.640+05:30  INFO 113554 --- [AdminDashboardApp] [           main] o.apache.catalina.core.StandardService   : Starting service [Tomcat]
2025-10-07T14:39:09.641+05:30  INFO 113554 --- [AdminDashboardApp] [           main] o.apache.catalina.core.StandardEngine    : Starting Servlet engine: [Apache Tomcat/10.1.16]
2025-10-07T14:39:09.710+05:30  INFO 113554 --- [AdminDashboardApp] [           main] o.a.c.c.C.[Tomcat].[localhost].[/]       : Initializing Spring embedded WebApplicationContext
2025-10-07T14:39:09.712+05:30  INFO 113554 --- [AdminDashboardApp] [           main] w.s.c.ServletWebServerApplicationContext : Root WebApplicationContext: initialization completed in 1521 ms
2025-10-07T14:39:09.882+05:30  INFO 113554 --- [AdminDashboardApp] [           main] o.hibernate.jpa.internal.util.LogHelper  : HHH000204: Processing PersistenceUnitInfo [name: default]
2025-10-07T14:39:09.927+05:30  INFO 113554 --- [AdminDashboardApp] [           main] org.hibernate.Version                    : HHH000412: Hibernate ORM core version 6.3.1.Final
2025-10-07T14:39:09.962+05:30  INFO 113554 --- [AdminDashboardApp] [           main] o.h.c.internal.RegionFactoryInitiator    : HHH000026: Second-level cache disabled
2025-10-07T14:39:10.161+05:30  INFO 113554 --- [AdminDashboardApp] [           main] o.s.o.j.p.SpringPersistenceUnitInfo      : No LoadTimeWeaver setup: ignoring JPA class transformer
2025-10-07T14:39:10.184+05:30  INFO 113554 --- [AdminDashboardApp] [           main] com.zaxxer.hikari.HikariDataSource       : HikariPool-1 - Starting...
2025-10-07T14:39:10.363+05:30  INFO 113554 --- [AdminDashboardApp] [           main] com.zaxxer.hikari.pool.HikariPool        : HikariPool-1 - Added connection com.mysql.cj.jdbc.ConnectionImpl@3b6c2be6
2025-10-07T14:39:10.365+05:30  INFO 113554 --- [AdminDashboardApp] [           main] com.zaxxer.hikari.HikariDataSource       : HikariPool-1 - Start completed.
2025-10-07T14:39:10.418+05:30  WARN 113554 --- [AdminDashboardApp] [           main] org.hibernate.orm.deprecation            : HHH90000025: MySQLDialect does not need to be specified explicitly using 'hibernate.dialect' (remove the property setting and it will be selected by default)
2025-10-07T14:39:11.264+05:30  INFO 113554 --- [AdminDashboardApp] [           main] o.h.e.t.j.p.i.JtaPlatformInitiator       : HHH000489: No JTA platform available (set 'hibernate.transaction.jta.platform' to enable JTA platform integration)
Hibernate: create table admins (id bigint not null auto_increment, email varchar(255), password varchar(255), primary key (id)) engine=InnoDB
Hibernate: create table products (id bigint not null auto_increment, description varchar(255), final_rate decimal(38,2), image varchar(255), product_code varchar(255), product_name varchar(255), rate decimal(38,2), tax_percent decimal(38,2), created_by bigint, primary key (id)) engine=InnoDB
Hibernate: create table users (id bigint not null auto_increment, email varchar(255), mobile_number varchar(255), name varchar(255), password varchar(255), username varchar(255), primary key (id)) engine=InnoDB
Hibernate: alter table admins drop index UK_47bvqemyk6vlm0w7crc3opdd4
Hibernate: alter table admins add constraint UK_47bvqemyk6vlm0w7crc3opdd4 unique (email)
Hibernate: alter table products drop index UK_922x4t23nx64422orei4meb2y
Hibernate: alter table products add constraint UK_922x4t23nx64422orei4meb2y unique (product_code)
Hibernate: alter table users drop index UK_6dotkott2kjsp8vw4d0m25fb7
Hibernate: alter table users add constraint UK_6dotkott2kjsp8vw4d0m25fb7 unique (email)
Hibernate: alter table users drop index UK_r43af9ap4edm43mmtq01oddj6
Hibernate: alter table users add constraint UK_r43af9ap4edm43mmtq01oddj6 unique (username)
Hibernate: alter table products add constraint FKl0lce8i162ldn9n01t2a6lcix foreign key (created_by) references users (id)
2025-10-07T14:39:11.826+05:30  INFO 113554 --- [AdminDashboardApp] [           main] j.LocalContainerEntityManagerFactoryBean : Initialized JPA EntityManagerFactory for persistence unit 'default'
2025-10-07T14:39:12.260+05:30  WARN 113554 --- [AdminDashboardApp] [           main] JpaBaseConfiguration$JpaWebConfiguration : spring.jpa.open-in-view is enabled by default. Therefore, database queries may be performed during view rendering. Explicitly configure spring.jpa.open-in-view to disable this warning
2025-10-07T14:39:12.281+05:30  WARN 113554 --- [AdminDashboardApp] [           main] .s.s.UserDetailsServiceAutoConfiguration : 

Using generated security password: 435f3917-fd8d-4454-b02a-941ae1b570fa

This generated password is for development use only. Your security configuration must be updated before running your application in production.

2025-10-07T14:39:12.552+05:30  INFO 113554 --- [AdminDashboardApp] [           main] o.s.s.web.DefaultSecurityFilterChain     : Will secure any request with [org.springframework.security.web.session.DisableEncodeUrlFilter@451cef67, org.springframework.security.web.context.request.async.WebAsyncManagerIntegrationFilter@11fb1691, org.springframework.security.web.context.SecurityContextHolderFilter@6a30f6b1, org.springframework.security.web.header.HeaderWriterFilter@eaa07bb, org.springframework.web.filter.CorsFilter@1f229c40, org.springframework.security.web.authentication.logout.LogoutFilter@74b521c, com.admin.dashboard.config.JwtAuthenticationFilter@5115f590, org.springframework.security.web.savedrequest.RequestCacheAwareFilter@52ab003b, org.springframework.security.web.servletapi.SecurityContextHolderAwareRequestFilter@1174e173, org.springframework.security.web.authentication.AnonymousAuthenticationFilter@215404a1, org.springframework.security.web.session.SessionManagementFilter@52b32622, org.springframework.security.web.access.ExceptionTranslationFilter@750b200b, org.springframework.security.web.access.intercept.AuthorizationFilter@6fe77a97]
2025-10-07T14:39:12.762+05:30  INFO 113554 --- [AdminDashboardApp] [           main] o.s.b.w.embedded.tomcat.TomcatWebServer  : Tomcat started on port 8080 (http) with context path ''
2025-10-07T14:39:12.771+05:30  INFO 113554 --- [AdminDashboardApp] [           main] c.a.dashboard.AdminDashboardApplication  : Started AdminDashboardApplication in 5.069 seconds (process running for 5.43)
2025-10-07T14:39:45.661+05:30  INFO 113554 --- [AdminDashboardApp] [nio-8080-exec-1] o.a.c.c.C.[Tomcat].[localhost].[/]       : Initializing Spring DispatcherServlet 'dispatcherServlet'
2025-10-07T14:39:45.661+05:30  INFO 113554 --- [AdminDashboardApp] [nio-8080-exec-1] o.s.web.servlet.DispatcherServlet        : Initializing Servlet 'dispatcherServlet'
2025-10-07T14:39:45.663+05:30  INFO 113554 --- [AdminDashboardApp] [nio-8080-exec-1] o.s.web.servlet.DispatcherServlet        : Completed initialization in 1 ms
2025-10-07T14:39:45.683+05:30  WARN 113554 --- [AdminDashboardApp] [nio-8080-exec-1] o.s.w.s.h.HandlerMappingIntrospector     : Cache miss for REQUEST dispatch to '/api/auth/login' (previous null). Performing MatchableHandlerMapping lookup. This is logged once only at WARN level, and every time at TRACE.
2025-10-07T14:39:45.831+05:30  WARN 113554 --- [AdminDashboardApp] [nio-8080-exec-1] .w.s.m.s.DefaultHandlerExceptionResolver : Resolved [org.springframework.web.bind.MethodArgumentNotValidException: Validation failed for argument [0] in public org.springframework.http.ResponseEntity<?> com.admin.dashboard.controller.AuthController.login(com.admin.dashboard.dto.AdminDTO): [Field error in object 'adminDTO' on field 'email': rejected value [test]; codes [Email.adminDTO.email,Email.email,Email.java.lang.String,Email]; arguments [org.springframework.context.support.DefaultMessageSourceResolvable: codes [adminDTO.email,email]; arguments []; default message [email],[Ljakarta.validation.constraints.Pattern$Flag;@144a84ef,.*]; default message [must be a well-formed email address]] ]
Hibernate: select a1_0.id from admins a1_0 where a1_0.email=? limit ?
Hibernate: insert into admins (email,password) values (?,?)
Hibernate: select a1_0.id,a1_0.email,a1_0.password from admins a1_0 where a1_0.email=?
Hibernate: select a1_0.id,a1_0.email,a1_0.password from admins a1_0 where a1_0.email=?
Hibernate: select a1_0.id,a1_0.email,a1_0.password from admins a1_0 where a1_0.email=?
Hibernate: select a1_0.id,a1_0.email,a1_0.password from admins a1_0 where a1_0.email=?
Hibernate: select a1_0.id from admins a1_0 where a1_0.email=? limit ?
Hibernate: insert into admins (email,password) values (?,?)
Hibernate: select a1_0.id,a1_0.email,a1_0.password from admins a1_0 where a1_0.email=?
